============================= test session starts ==============================
platform linux -- Python 3.12.3, pytest-9.1.1, pluggy-1.6.0 -- /home/wa/projects/odds-screen/.venv/bin/python
cachedir: .pytest_cache
rootdir: /home/wa/projects/odds-screen
configfile: pytest.ini
plugins: asyncio-1.4.0, anyio-4.14.2
asyncio: mode=Mode.AUTO, debug=False, asyncio_default_fixture_loop_scope=None, asyncio_default_test_loop_scope=function
collecting ... collected 4 items

tests/test_ingest.py::test_full_lifecycle PASSED                         [ 25%]
tests/test_ingest.py::test_second_event_is_independent PASSED            [ 50%]
tests/test_ingest.py::test_live_state_updates_in_place PASSED            [ 75%]
tests/test_ingest.py::test_rejections PASSED                             [100%]

============================== 4 passed in 0.56s ===============================
