============================= test session starts ==============================
platform linux -- Python 3.12.3, pytest-9.1.1, pluggy-1.6.0 -- /home/wa/projects/odds-screen/.venv/bin/python
cachedir: .pytest_cache
rootdir: /home/wa/projects/odds-screen
configfile: pytest.ini
plugins: asyncio-1.4.0, anyio-4.14.2
asyncio: mode=Mode.AUTO, debug=False, asyncio_default_fixture_loop_scope=None, asyncio_default_test_loop_scope=function
collecting ... collected 23 items

tests/test_bets.py::test_auth_required PASSED                            [  4%]
tests/test_bets.py::test_place_manual_flow PASSED                        [  8%]
tests/test_bets.py::test_cancel_and_invalid_transitions PASSED           [ 13%]
tests/test_bets.py::test_validation_and_expiry PASSED                    [ 17%]
tests/test_compare.py::test_books_registry PASSED                        [ 21%]
tests/test_compare.py::test_compare_groups_same_game_across_books PASSED [ 26%]
tests/test_compare.py::test_compare_period_filter_and_unmatched PASSED   [ 30%]
tests/test_compare.py::test_compare_moneyline PASSED                     [ 34%]
tests/test_compare.py::test_compare_empty PASSED                         [ 39%]
tests/test_ingest.py::test_full_lifecycle PASSED                         [ 43%]
tests/test_ingest.py::test_second_event_is_independent PASSED            [ 47%]
tests/test_ingest.py::test_live_state_updates_in_place PASSED            [ 52%]
tests/test_ingest.py::test_rejections PASSED                             [ 56%]
tests/test_overlay_harness.py::test_find_odds_button_over_2235 PASSED    [ 60%]
tests/test_overlay_harness.py::test_find_odds_button_under_2225 PASSED   [ 65%]
tests/test_overlay_harness.py::test_find_quarter_section PASSED          [ 69%]
tests/test_overlay_harness.py::test_set_stake PASSED                     [ 73%]
tests/test_overlay_harness.py::test_manual_flow_delivered_then_confirmed PASSED [ 78%]
tests/test_overlay_harness.py::test_auto_mode_clicks_place_and_confirms PASSED [ 82%]
tests/test_overlay_harness.py::test_auto_mode_odds_moved_aborts PASSED   [ 86%]
tests/test_overlay_harness.py::test_event_not_found_fails_cleanly PASSED [ 91%]
tests/test_realtime.py::test_sse_receives_ingest_event PASSED            [ 95%]
tests/test_realtime.py::test_sse_keepalive_without_events PASSED         [100%]

============================= 23 passed in 25.72s ==============================
